2017-12-03 11:11:25  [ main:853 ] - [ INFO ]  Loaded default TestExecutionListener class names from location [META-INF/spring.factories]: [org.springframework.test.context.web.ServletTestExecutionListener, org.springframework.test.context.support.DirtiesContextBeforeModesTestExecutionListener, org.springframework.test.context.support.DependencyInjectionTestExecutionListener, org.springframework.test.context.support.DirtiesContextTestExecutionListener, org.springframework.test.context.transaction.TransactionalTestExecutionListener, org.springframework.test.context.jdbc.SqlScriptsTestExecutionListener]
2017-12-03 11:11:25  [ main:935 ] - [ INFO ]  Could not instantiate TestExecutionListener [org.springframework.test.context.web.ServletTestExecutionListener]. Specify custom listener classes or make the default listener classes (and their required dependencies) available. Offending class: [javax/servlet/ServletContext]
2017-12-03 11:11:25  [ main:938 ] - [ INFO ]  Using TestExecutionListeners: [org.springframework.test.context.support.DirtiesContextBeforeModesTestExecutionListener@120ebad, org.springframework.test.context.support.DependencyInjectionTestExecutionListener@19f379, org.springframework.test.context.support.DirtiesContextTestExecutionListener@1c7cbad, org.springframework.test.context.transaction.TransactionalTestExecutionListener@12cc05a, org.springframework.test.context.jdbc.SqlScriptsTestExecutionListener@1933fd1]
2017-12-03 11:11:26  [ main:1537 ] - [ INFO ]  Loading XML bean definitions from class path resource [spring-dao.xml]
2017-12-03 11:11:27  [ main:3185 ] - [ INFO ]  Refreshing org.springframework.context.support.GenericApplicationContext@12108b5: startup date [Sun Dec 03 11:11:27 GMT+08:00 2017]; root of context hierarchy
2017-12-03 11:11:34  [ Thread-0:10020 ] - [ INFO ]  Closing org.springframework.context.support.GenericApplicationContext@12108b5: startup date [Sun Dec 03 11:11:27 GMT+08:00 2017]; root of context hierarchy
2017-12-03 11:13:04  [ main:0 ] - [ INFO ]  Loaded default TestExecutionListener class names from location [META-INF/spring.factories]: [org.springframework.test.context.web.ServletTestExecutionListener, org.springframework.test.context.support.DirtiesContextBeforeModesTestExecutionListener, org.springframework.test.context.support.DependencyInjectionTestExecutionListener, org.springframework.test.context.support.DirtiesContextTestExecutionListener, org.springframework.test.context.transaction.TransactionalTestExecutionListener, org.springframework.test.context.jdbc.SqlScriptsTestExecutionListener]
2017-12-03 11:13:04  [ main:30 ] - [ INFO ]  Could not instantiate TestExecutionListener [org.springframework.test.context.web.ServletTestExecutionListener]. Specify custom listener classes or make the default listener classes (and their required dependencies) available. Offending class: [javax/servlet/ServletContext]
2017-12-03 11:13:04  [ main:38 ] - [ INFO ]  Using TestExecutionListeners: [org.springframework.test.context.support.DirtiesContextBeforeModesTestExecutionListener@120ebad, org.springframework.test.context.support.DependencyInjectionTestExecutionListener@19f379, org.springframework.test.context.support.DirtiesContextTestExecutionListener@1c7cbad, org.springframework.test.context.transaction.TransactionalTestExecutionListener@12cc05a, org.springframework.test.context.jdbc.SqlScriptsTestExecutionListener@1933fd1]
2017-12-03 11:13:04  [ main:181 ] - [ INFO ]  Loading XML bean definitions from class path resource [spring-dao.xml]
2017-12-03 11:13:05  [ main:464 ] - [ INFO ]  Refreshing org.springframework.context.support.GenericApplicationContext@fd02e5: startup date [Sun Dec 03 11:13:05 GMT+08:00 2017]; root of context hierarchy
2017-12-03 11:13:06  [ Thread-0:2122 ] - [ INFO ]  Closing org.springframework.context.support.GenericApplicationContext@fd02e5: startup date [Sun Dec 03 11:13:05 GMT+08:00 2017]; root of context hierarchy
2017-12-03 11:22:54  [ main:0 ] - [ INFO ]  Loaded default TestExecutionListener class names from location [META-INF/spring.factories]: [org.springframework.test.context.web.ServletTestExecutionListener, org.springframework.test.context.support.DirtiesContextBeforeModesTestExecutionListener, org.springframework.test.context.support.DependencyInjectionTestExecutionListener, org.springframework.test.context.support.DirtiesContextTestExecutionListener, org.springframework.test.context.transaction.TransactionalTestExecutionListener, org.springframework.test.context.jdbc.SqlScriptsTestExecutionListener]
2017-12-03 11:22:55  [ main:311 ] - [ INFO ]  Could not instantiate TestExecutionListener [org.springframework.test.context.web.ServletTestExecutionListener]. Specify custom listener classes or make the default listener classes (and their required dependencies) available. Offending class: [javax/servlet/ServletContext]
2017-12-03 11:22:55  [ main:314 ] - [ INFO ]  Using TestExecutionListeners: [org.springframework.test.context.support.DirtiesContextBeforeModesTestExecutionListener@120ebad, org.springframework.test.context.support.DependencyInjectionTestExecutionListener@19f379, org.springframework.test.context.support.DirtiesContextTestExecutionListener@1c7cbad, org.springframework.test.context.transaction.TransactionalTestExecutionListener@12cc05a, org.springframework.test.context.jdbc.SqlScriptsTestExecutionListener@1933fd1]
2017-12-03 11:22:55  [ main:1013 ] - [ INFO ]  Loading XML bean definitions from class path resource [spring-dao.xml]
2017-12-03 11:22:57  [ main:2248 ] - [ INFO ]  Refreshing org.springframework.context.support.GenericApplicationContext@fd02e5: startup date [Sun Dec 03 11:22:57 GMT+08:00 2017]; root of context hierarchy
2017-12-03 11:23:00  [ Thread-0:5794 ] - [ INFO ]  Closing org.springframework.context.support.GenericApplicationContext@fd02e5: startup date [Sun Dec 03 11:22:57 GMT+08:00 2017]; root of context hierarchy
2017-12-03 11:24:42  [ main:0 ] - [ INFO ]  Loaded default TestExecutionListener class names from location [META-INF/spring.factories]: [org.springframework.test.context.web.ServletTestExecutionListener, org.springframework.test.context.support.DirtiesContextBeforeModesTestExecutionListener, org.springframework.test.context.support.DependencyInjectionTestExecutionListener, org.springframework.test.context.support.DirtiesContextTestExecutionListener, org.springframework.test.context.transaction.TransactionalTestExecutionListener, org.springframework.test.context.jdbc.SqlScriptsTestExecutionListener]
2017-12-03 11:24:42  [ main:22 ] - [ INFO ]  Could not instantiate TestExecutionListener [org.springframework.test.context.web.ServletTestExecutionListener]. Specify custom listener classes or make the default listener classes (and their required dependencies) available. Offending class: [javax/servlet/ServletContext]
2017-12-03 11:24:42  [ main:25 ] - [ INFO ]  Using TestExecutionListeners: [org.springframework.test.context.support.DirtiesContextBeforeModesTestExecutionListener@120ebad, org.springframework.test.context.support.DependencyInjectionTestExecutionListener@19f379, org.springframework.test.context.support.DirtiesContextTestExecutionListener@1c7cbad, org.springframework.test.context.transaction.TransactionalTestExecutionListener@12cc05a, org.springframework.test.context.jdbc.SqlScriptsTestExecutionListener@1933fd1]
2017-12-03 11:24:43  [ main:184 ] - [ INFO ]  Loading XML bean definitions from class path resource [spring-dao.xml]
2017-12-03 11:24:43  [ main:486 ] - [ INFO ]  Refreshing org.springframework.context.support.GenericApplicationContext@fd02e5: startup date [Sun Dec 03 11:24:43 GMT+08:00 2017]; root of context hierarchy
2017-12-03 11:24:45  [ Thread-0:3007 ] - [ INFO ]  Closing org.springframework.context.support.GenericApplicationContext@fd02e5: startup date [Sun Dec 03 11:24:43 GMT+08:00 2017]; root of context hierarchy
2017-12-03 11:35:30  [ main:0 ] - [ INFO ]  Loaded default TestExecutionListener class names from location [META-INF/spring.factories]: [org.springframework.test.context.web.ServletTestExecutionListener, org.springframework.test.context.support.DirtiesContextBeforeModesTestExecutionListener, org.springframework.test.context.support.DependencyInjectionTestExecutionListener, org.springframework.test.context.support.DirtiesContextTestExecutionListener, org.springframework.test.context.transaction.TransactionalTestExecutionListener, org.springframework.test.context.jdbc.SqlScriptsTestExecutionListener]
2017-12-03 11:35:30  [ main:35 ] - [ INFO ]  Could not instantiate TestExecutionListener [org.springframework.test.context.web.ServletTestExecutionListener]. Specify custom listener classes or make the default listener classes (and their required dependencies) available. Offending class: [javax/servlet/ServletContext]
2017-12-03 11:35:30  [ main:38 ] - [ INFO ]  Using TestExecutionListeners: [org.springframework.test.context.support.DirtiesContextBeforeModesTestExecutionListener@120ebad, org.springframework.test.context.support.DependencyInjectionTestExecutionListener@19f379, org.springframework.test.context.support.DirtiesContextTestExecutionListener@1c7cbad, org.springframework.test.context.transaction.TransactionalTestExecutionListener@12cc05a, org.springframework.test.context.jdbc.SqlScriptsTestExecutionListener@1933fd1]
2017-12-03 11:35:30  [ main:245 ] - [ INFO ]  Loading XML bean definitions from class path resource [spring-dao.xml]
2017-12-03 11:35:30  [ main:504 ] - [ INFO ]  Refreshing org.springframework.context.support.GenericApplicationContext@fd02e5: startup date [Sun Dec 03 11:35:30 GMT+08:00 2017]; root of context hierarchy
2017-12-03 11:35:32  [ Thread-0:2374 ] - [ INFO ]  Closing org.springframework.context.support.GenericApplicationContext@fd02e5: startup date [Sun Dec 03 11:35:30 GMT+08:00 2017]; root of context hierarchy
2017-12-03 11:36:00  [ main:0 ] - [ INFO ]  Loaded default TestExecutionListener class names from location [META-INF/spring.factories]: [org.springframework.test.context.web.ServletTestExecutionListener, org.springframework.test.context.support.DirtiesContextBeforeModesTestExecutionListener, org.springframework.test.context.support.DependencyInjectionTestExecutionListener, org.springframework.test.context.support.DirtiesContextTestExecutionListener, org.springframework.test.context.transaction.TransactionalTestExecutionListener, org.springframework.test.context.jdbc.SqlScriptsTestExecutionListener]
2017-12-03 11:36:00  [ main:25 ] - [ INFO ]  Could not instantiate TestExecutionListener [org.springframework.test.context.web.ServletTestExecutionListener]. Specify custom listener classes or make the default listener classes (and their required dependencies) available. Offending class: [javax/servlet/ServletContext]
2017-12-03 11:36:00  [ main:29 ] - [ INFO ]  Using TestExecutionListeners: [org.springframework.test.context.support.DirtiesContextBeforeModesTestExecutionListener@120ebad, org.springframework.test.context.support.DependencyInjectionTestExecutionListener@19f379, org.springframework.test.context.support.DirtiesContextTestExecutionListener@1c7cbad, org.springframework.test.context.transaction.TransactionalTestExecutionListener@12cc05a, org.springframework.test.context.jdbc.SqlScriptsTestExecutionListener@1933fd1]
2017-12-03 11:36:00  [ main:156 ] - [ INFO ]  Loading XML bean definitions from class path resource [spring-dao.xml]
2017-12-03 11:36:00  [ main:462 ] - [ INFO ]  Refreshing org.springframework.context.support.GenericApplicationContext@fd02e5: startup date [Sun Dec 03 11:36:00 GMT+08:00 2017]; root of context hierarchy
2017-12-03 11:36:03  [ Thread-0:2742 ] - [ INFO ]  Closing org.springframework.context.support.GenericApplicationContext@fd02e5: startup date [Sun Dec 03 11:36:00 GMT+08:00 2017]; root of context hierarchy
2017-12-03 11:36:50  [ main:0 ] - [ INFO ]  Loaded default TestExecutionListener class names from location [META-INF/spring.factories]: [org.springframework.test.context.web.ServletTestExecutionListener, org.springframework.test.context.support.DirtiesContextBeforeModesTestExecutionListener, org.springframework.test.context.support.DependencyInjectionTestExecutionListener, org.springframework.test.context.support.DirtiesContextTestExecutionListener, org.springframework.test.context.transaction.TransactionalTestExecutionListener, org.springframework.test.context.jdbc.SqlScriptsTestExecutionListener]
2017-12-03 11:36:50  [ main:22 ] - [ INFO ]  Could not instantiate TestExecutionListener [org.springframework.test.context.web.ServletTestExecutionListener]. Specify custom listener classes or make the default listener classes (and their required dependencies) available. Offending class: [javax/servlet/ServletContext]
2017-12-03 11:36:50  [ main:25 ] - [ INFO ]  Using TestExecutionListeners: [org.springframework.test.context.support.DirtiesContextBeforeModesTestExecutionListener@120ebad, org.springframework.test.context.support.DependencyInjectionTestExecutionListener@19f379, org.springframework.test.context.support.DirtiesContextTestExecutionListener@1c7cbad, org.springframework.test.context.transaction.TransactionalTestExecutionListener@12cc05a, org.springframework.test.context.jdbc.SqlScriptsTestExecutionListener@1933fd1]
2017-12-03 11:36:51  [ main:192 ] - [ INFO ]  Loading XML bean definitions from class path resource [spring-dao.xml]
2017-12-03 11:36:51  [ main:468 ] - [ INFO ]  Refreshing org.springframework.context.support.GenericApplicationContext@fd02e5: startup date [Sun Dec 03 11:36:51 GMT+08:00 2017]; root of context hierarchy
2017-12-03 11:36:53  [ Thread-0:2458 ] - [ INFO ]  Closing org.springframework.context.support.GenericApplicationContext@fd02e5: startup date [Sun Dec 03 11:36:51 GMT+08:00 2017]; root of context hierarchy
2017-12-03 11:37:12  [ main:0 ] - [ INFO ]  Loaded default TestExecutionListener class names from location [META-INF/spring.factories]: [org.springframework.test.context.web.ServletTestExecutionListener, org.springframework.test.context.support.DirtiesContextBeforeModesTestExecutionListener, org.springframework.test.context.support.DependencyInjectionTestExecutionListener, org.springframework.test.context.support.DirtiesContextTestExecutionListener, org.springframework.test.context.transaction.TransactionalTestExecutionListener, org.springframework.test.context.jdbc.SqlScriptsTestExecutionListener]
2017-12-03 11:37:12  [ main:44 ] - [ INFO ]  Could not instantiate TestExecutionListener [org.springframework.test.context.web.ServletTestExecutionListener]. Specify custom listener classes or make the default listener classes (and their required dependencies) available. Offending class: [javax/servlet/ServletContext]
2017-12-03 11:37:12  [ main:51 ] - [ INFO ]  Using TestExecutionListeners: [org.springframework.test.context.support.DirtiesContextBeforeModesTestExecutionListener@120ebad, org.springframework.test.context.support.DependencyInjectionTestExecutionListener@19f379, org.springframework.test.context.support.DirtiesContextTestExecutionListener@1c7cbad, org.springframework.test.context.transaction.TransactionalTestExecutionListener@12cc05a, org.springframework.test.context.jdbc.SqlScriptsTestExecutionListener@1933fd1]
2017-12-03 11:37:12  [ main:215 ] - [ INFO ]  Loading XML bean definitions from class path resource [spring-dao.xml]
2017-12-03 11:37:12  [ main:469 ] - [ INFO ]  Refreshing org.springframework.context.support.GenericApplicationContext@fd02e5: startup date [Sun Dec 03 11:37:12 GMT+08:00 2017]; root of context hierarchy
2017-12-03 11:37:14  [ Thread-0:2335 ] - [ INFO ]  Closing org.springframework.context.support.GenericApplicationContext@fd02e5: startup date [Sun Dec 03 11:37:12 GMT+08:00 2017]; root of context hierarchy
2017-12-03 11:46:39  [ main:0 ] - [ INFO ]  Loaded default TestExecutionListener class names from location [META-INF/spring.factories]: [org.springframework.test.context.web.ServletTestExecutionListener, org.springframework.test.context.support.DirtiesContextBeforeModesTestExecutionListener, org.springframework.test.context.support.DependencyInjectionTestExecutionListener, org.springframework.test.context.support.DirtiesContextTestExecutionListener, org.springframework.test.context.transaction.TransactionalTestExecutionListener, org.springframework.test.context.jdbc.SqlScriptsTestExecutionListener]
2017-12-03 11:46:39  [ main:159 ] - [ INFO ]  Could not instantiate TestExecutionListener [org.springframework.test.context.web.ServletTestExecutionListener]. Specify custom listener classes or make the default listener classes (and their required dependencies) available. Offending class: [javax/servlet/ServletContext]
2017-12-03 11:46:39  [ main:165 ] - [ INFO ]  Using TestExecutionListeners: [org.springframework.test.context.support.DirtiesContextBeforeModesTestExecutionListener@120ebad, org.springframework.test.context.support.DependencyInjectionTestExecutionListener@19f379, org.springframework.test.context.support.DirtiesContextTestExecutionListener@1c7cbad, org.springframework.test.context.transaction.TransactionalTestExecutionListener@12cc05a, org.springframework.test.context.jdbc.SqlScriptsTestExecutionListener@1933fd1]
2017-12-03 11:46:39  [ main:338 ] - [ INFO ]  Loading XML bean definitions from class path resource [spring-dao.xml]
2017-12-03 11:46:39  [ main:678 ] - [ INFO ]  Loading XML bean definitions from class path resource [spring-service.xml]
2017-12-03 11:46:39  [ main:680 ] - [ ERROR ]  Caught exception while allowing TestExecutionListener [org.springframework.test.context.support.DependencyInjectionTestExecutionListener@19f379] to prepare test instance [ServiceTest@ac1102]
java.lang.IllegalStateException: Failed to load ApplicationContext
	at org.springframework.test.context.cache.DefaultCacheAwareContextLoaderDelegate.loadContext(DefaultCacheAwareContextLoaderDelegate.java:124)
	at org.springframework.test.context.support.DefaultTestContext.getApplicationContext(DefaultTestContext.java:83)
	at org.springframework.test.context.support.DependencyInjectionTestExecutionListener.injectDependencies(DependencyInjectionTestExecutionListener.java:117)
	at org.springframework.test.context.support.DependencyInjectionTestExecutionListener.prepareTestInstance(DependencyInjectionTestExecutionListener.java:83)
	at org.springframework.test.context.TestContextManager.prepareTestInstance(TestContextManager.java:230)
	at org.springframework.test.context.junit4.SpringJUnit4ClassRunner.createTest(SpringJUnit4ClassRunner.java:228)
	at org.springframework.test.context.junit4.SpringJUnit4ClassRunner$1.runReflectiveCall(SpringJUnit4ClassRunner.java:287)
	at org.junit.internal.runners.model.ReflectiveCallable.run(ReflectiveCallable.java:12)
	at org.springframework.test.context.junit4.SpringJUnit4ClassRunner.methodBlock(SpringJUnit4ClassRunner.java:289)
	at org.springframework.test.context.junit4.SpringJUnit4ClassRunner.runChild(SpringJUnit4ClassRunner.java:247)
	at org.springframework.test.context.junit4.SpringJUnit4ClassRunner.runChild(SpringJUnit4ClassRunner.java:94)
	at org.junit.runners.ParentRunner$3.run(ParentRunner.java:290)
	at org.junit.runners.ParentRunner$1.schedule(ParentRunner.java:71)
	at org.junit.runners.ParentRunner.runChildren(ParentRunner.java:288)
	at org.junit.runners.ParentRunner.access$000(ParentRunner.java:58)
	at org.junit.runners.ParentRunner$2.evaluate(ParentRunner.java:268)
	at org.springframework.test.context.junit4.statements.RunBeforeTestClassCallbacks.evaluate(RunBeforeTestClassCallbacks.java:61)
	at org.springframework.test.context.junit4.statements.RunAfterTestClassCallbacks.evaluate(RunAfterTestClassCallbacks.java:70)
	at org.junit.runners.ParentRunner.run(ParentRunner.java:363)
	at org.springframework.test.context.junit4.SpringJUnit4ClassRunner.run(SpringJUnit4ClassRunner.java:191)
	at org.junit.runner.JUnitCore.run(JUnitCore.java:137)
	at com.intellij.junit4.JUnit4IdeaTestRunner.startRunnerWithArgs(JUnit4IdeaTestRunner.java:68)
	at com.intellij.rt.execution.junit.IdeaTestRunner$Repeater.startRunnerWithArgs(IdeaTestRunner.java:51)
	at com.intellij.rt.execution.junit.JUnitStarter.prepareStreamsAndStart(JUnitStarter.java:237)
	at com.intellij.rt.execution.junit.JUnitStarter.main(JUnitStarter.java:70)
Caused by: org.springframework.beans.factory.BeanDefinitionStoreException: IOException parsing XML document from class path resource [spring-service.xml]; nested exception is java.io.FileNotFoundException: class path resource [spring-service.xml] cannot be opened because it does not exist
	at org.springframework.beans.factory.xml.XmlBeanDefinitionReader.loadBeanDefinitions(XmlBeanDefinitionReader.java:344)
	at org.springframework.beans.factory.xml.XmlBeanDefinitionReader.loadBeanDefinitions(XmlBeanDefinitionReader.java:304)
	at org.springframework.beans.factory.support.AbstractBeanDefinitionReader.loadBeanDefinitions(AbstractBeanDefinitionReader.java:181)
	at org.springframework.beans.factory.support.AbstractBeanDefinitionReader.loadBeanDefinitions(AbstractBeanDefinitionReader.java:217)
	at org.springframework.beans.factory.support.AbstractBeanDefinitionReader.loadBeanDefinitions(AbstractBeanDefinitionReader.java:188)
	at org.springframework.beans.factory.support.AbstractBeanDefinitionReader.loadBeanDefinitions(AbstractBeanDefinitionReader.java:252)
	at org.springframework.test.context.support.AbstractGenericContextLoader.loadBeanDefinitions(AbstractGenericContextLoader.java:257)
	at org.springframework.test.context.support.AbstractGenericContextLoader.loadContext(AbstractGenericContextLoader.java:124)
	at org.springframework.test.context.support.AbstractGenericContextLoader.loadContext(AbstractGenericContextLoader.java:60)
	at org.springframework.test.context.support.AbstractDelegatingSmartContextLoader.delegateLoading(AbstractDelegatingSmartContextLoader.java:108)
	at org.springframework.test.context.support.AbstractDelegatingSmartContextLoader.loadContext(AbstractDelegatingSmartContextLoader.java:251)
	at org.springframework.test.context.cache.DefaultCacheAwareContextLoaderDelegate.loadContextInternal(DefaultCacheAwareContextLoaderDelegate.java:98)
	at org.springframework.test.context.cache.DefaultCacheAwareContextLoaderDelegate.loadContext(DefaultCacheAwareContextLoaderDelegate.java:116)
	... 24 more
Caused by: java.io.FileNotFoundException: class path resource [spring-service.xml] cannot be opened because it does not exist
	at org.springframework.core.io.ClassPathResource.getInputStream(ClassPathResource.java:172)
	at org.springframework.beans.factory.xml.XmlBeanDefinitionReader.loadBeanDefinitions(XmlBeanDefinitionReader.java:330)
	... 36 more
2017-12-03 11:47:24  [ main:0 ] - [ INFO ]  Loaded default TestExecutionListener class names from location [META-INF/spring.factories]: [org.springframework.test.context.web.ServletTestExecutionListener, org.springframework.test.context.support.DirtiesContextBeforeModesTestExecutionListener, org.springframework.test.context.support.DependencyInjectionTestExecutionListener, org.springframework.test.context.support.DirtiesContextTestExecutionListener, org.springframework.test.context.transaction.TransactionalTestExecutionListener, org.springframework.test.context.jdbc.SqlScriptsTestExecutionListener]
2017-12-03 11:47:24  [ main:31 ] - [ INFO ]  Could not instantiate TestExecutionListener [org.springframework.test.context.web.ServletTestExecutionListener]. Specify custom listener classes or make the default listener classes (and their required dependencies) available. Offending class: [javax/servlet/ServletContext]
2017-12-03 11:47:24  [ main:38 ] - [ INFO ]  Using TestExecutionListeners: [org.springframework.test.context.support.DirtiesContextBeforeModesTestExecutionListener@120ebad, org.springframework.test.context.support.DependencyInjectionTestExecutionListener@19f379, org.springframework.test.context.support.DirtiesContextTestExecutionListener@1c7cbad, org.springframework.test.context.transaction.TransactionalTestExecutionListener@12cc05a, org.springframework.test.context.jdbc.SqlScriptsTestExecutionListener@1933fd1]
2017-12-03 11:47:24  [ main:175 ] - [ INFO ]  Loading XML bean definitions from class path resource [spring-dao.xml]
2017-12-03 11:47:25  [ main:413 ] - [ INFO ]  Loading XML bean definitions from class path resource [spring-service.xml]
2017-12-03 11:47:25  [ main:415 ] - [ ERROR ]  Caught exception while allowing TestExecutionListener [org.springframework.test.context.support.DependencyInjectionTestExecutionListener@19f379] to prepare test instance [ServiceTest@ac1102]
java.lang.IllegalStateException: Failed to load ApplicationContext
	at org.springframework.test.context.cache.DefaultCacheAwareContextLoaderDelegate.loadContext(DefaultCacheAwareContextLoaderDelegate.java:124)
	at org.springframework.test.context.support.DefaultTestContext.getApplicationContext(DefaultTestContext.java:83)
	at org.springframework.test.context.support.DependencyInjectionTestExecutionListener.injectDependencies(DependencyInjectionTestExecutionListener.java:117)
	at org.springframework.test.context.support.DependencyInjectionTestExecutionListener.prepareTestInstance(DependencyInjectionTestExecutionListener.java:83)
	at org.springframework.test.context.TestContextManager.prepareTestInstance(TestContextManager.java:230)
	at org.springframework.test.context.junit4.SpringJUnit4ClassRunner.createTest(SpringJUnit4ClassRunner.java:228)
	at org.springframework.test.context.junit4.SpringJUnit4ClassRunner$1.runReflectiveCall(SpringJUnit4ClassRunner.java:287)
	at org.junit.internal.runners.model.ReflectiveCallable.run(ReflectiveCallable.java:12)
	at org.springframework.test.context.junit4.SpringJUnit4ClassRunner.methodBlock(SpringJUnit4ClassRunner.java:289)
	at org.springframework.test.context.junit4.SpringJUnit4ClassRunner.runChild(SpringJUnit4ClassRunner.java:247)
	at org.springframework.test.context.junit4.SpringJUnit4ClassRunner.runChild(SpringJUnit4ClassRunner.java:94)
	at org.junit.runners.ParentRunner$3.run(ParentRunner.java:290)
	at org.junit.runners.ParentRunner$1.schedule(ParentRunner.java:71)
	at org.junit.runners.ParentRunner.runChildren(ParentRunner.java:288)
	at org.junit.runners.ParentRunner.access$000(ParentRunner.java:58)
	at org.junit.runners.ParentRunner$2.evaluate(ParentRunner.java:268)
	at org.springframework.test.context.junit4.statements.RunBeforeTestClassCallbacks.evaluate(RunBeforeTestClassCallbacks.java:61)
	at org.springframework.test.context.junit4.statements.RunAfterTestClassCallbacks.evaluate(RunAfterTestClassCallbacks.java:70)
	at org.junit.runners.ParentRunner.run(ParentRunner.java:363)
	at org.springframework.test.context.junit4.SpringJUnit4ClassRunner.run(SpringJUnit4ClassRunner.java:191)
	at org.junit.runner.JUnitCore.run(JUnitCore.java:137)
	at com.intellij.junit4.JUnit4IdeaTestRunner.startRunnerWithArgs(JUnit4IdeaTestRunner.java:68)
	at com.intellij.rt.execution.junit.IdeaTestRunner$Repeater.startRunnerWithArgs(IdeaTestRunner.java:51)
	at com.intellij.rt.execution.junit.JUnitStarter.prepareStreamsAndStart(JUnitStarter.java:237)
	at com.intellij.rt.execution.junit.JUnitStarter.main(JUnitStarter.java:70)
Caused by: org.springframework.beans.factory.BeanDefinitionStoreException: IOException parsing XML document from class path resource [spring-service.xml]; nested exception is java.io.FileNotFoundException: class path resource [spring-service.xml] cannot be opened because it does not exist
	at org.springframework.beans.factory.xml.XmlBeanDefinitionReader.loadBeanDefinitions(XmlBeanDefinitionReader.java:344)
	at org.springframework.beans.factory.xml.XmlBeanDefinitionReader.loadBeanDefinitions(XmlBeanDefinitionReader.java:304)
	at org.springframework.beans.factory.support.AbstractBeanDefinitionReader.loadBeanDefinitions(AbstractBeanDefinitionReader.java:181)
	at org.springframework.beans.factory.support.AbstractBeanDefinitionReader.loadBeanDefinitions(AbstractBeanDefinitionReader.java:217)
	at org.springframework.beans.factory.support.AbstractBeanDefinitionReader.loadBeanDefinitions(AbstractBeanDefinitionReader.java:188)
	at org.springframework.beans.factory.support.AbstractBeanDefinitionReader.loadBeanDefinitions(AbstractBeanDefinitionReader.java:252)
	at org.springframework.test.context.support.AbstractGenericContextLoader.loadBeanDefinitions(AbstractGenericContextLoader.java:257)
	at org.springframework.test.context.support.AbstractGenericContextLoader.loadContext(AbstractGenericContextLoader.java:124)
	at org.springframework.test.context.support.AbstractGenericContextLoader.loadContext(AbstractGenericContextLoader.java:60)
	at org.springframework.test.context.support.AbstractDelegatingSmartContextLoader.delegateLoading(AbstractDelegatingSmartContextLoader.java:108)
	at org.springframework.test.context.support.AbstractDelegatingSmartContextLoader.loadContext(AbstractDelegatingSmartContextLoader.java:251)
	at org.springframework.test.context.cache.DefaultCacheAwareContextLoaderDelegate.loadContextInternal(DefaultCacheAwareContextLoaderDelegate.java:98)
	at org.springframework.test.context.cache.DefaultCacheAwareContextLoaderDelegate.loadContext(DefaultCacheAwareContextLoaderDelegate.java:116)
	... 24 more
Caused by: java.io.FileNotFoundException: class path resource [spring-service.xml] cannot be opened because it does not exist
	at org.springframework.core.io.ClassPathResource.getInputStream(ClassPathResource.java:172)
	at org.springframework.beans.factory.xml.XmlBeanDefinitionReader.loadBeanDefinitions(XmlBeanDefinitionReader.java:330)
	... 36 more
2017-12-03 11:47:51  [ main:0 ] - [ INFO ]  Loaded default TestExecutionListener class names from location [META-INF/spring.factories]: [org.springframework.test.context.web.ServletTestExecutionListener, org.springframework.test.context.support.DirtiesContextBeforeModesTestExecutionListener, org.springframework.test.context.support.DependencyInjectionTestExecutionListener, org.springframework.test.context.support.DirtiesContextTestExecutionListener, org.springframework.test.context.transaction.TransactionalTestExecutionListener, org.springframework.test.context.jdbc.SqlScriptsTestExecutionListener]
2017-12-03 11:47:51  [ main:20 ] - [ INFO ]  Could not instantiate TestExecutionListener [org.springframework.test.context.web.ServletTestExecutionListener]. Specify custom listener classes or make the default listener classes (and their required dependencies) available. Offending class: [javax/servlet/ServletContext]
2017-12-03 11:47:51  [ main:23 ] - [ INFO ]  Using TestExecutionListeners: [org.springframework.test.context.support.DirtiesContextBeforeModesTestExecutionListener@120ebad, org.springframework.test.context.support.DependencyInjectionTestExecutionListener@19f379, org.springframework.test.context.support.DirtiesContextTestExecutionListener@1c7cbad, org.springframework.test.context.transaction.TransactionalTestExecutionListener@12cc05a, org.springframework.test.context.jdbc.SqlScriptsTestExecutionListener@1933fd1]
2017-12-03 11:47:52  [ main:170 ] - [ INFO ]  Loading XML bean definitions from class path resource [spring-dao.xml]
2017-12-03 11:47:52  [ main:585 ] - [ INFO ]  Loading XML bean definitions from class path resource [spring-service.xml]
2017-12-03 11:47:52  [ main:1006 ] - [ INFO ]  Refreshing org.springframework.context.support.GenericApplicationContext@fd02e5: startup date [Sun Dec 03 11:47:52 GMT+08:00 2017]; root of context hierarchy
2017-12-03 11:47:57  [ Thread-0:6042 ] - [ INFO ]  Closing org.springframework.context.support.GenericApplicationContext@fd02e5: startup date [Sun Dec 03 11:47:52 GMT+08:00 2017]; root of context hierarchy
2017-12-03 11:48:41  [ main:0 ] - [ INFO ]  Loaded default TestExecutionListener class names from location [META-INF/spring.factories]: [org.springframework.test.context.web.ServletTestExecutionListener, org.springframework.test.context.support.DirtiesContextBeforeModesTestExecutionListener, org.springframework.test.context.support.DependencyInjectionTestExecutionListener, org.springframework.test.context.support.DirtiesContextTestExecutionListener, org.springframework.test.context.transaction.TransactionalTestExecutionListener, org.springframework.test.context.jdbc.SqlScriptsTestExecutionListener]
2017-12-03 11:48:41  [ main:29 ] - [ INFO ]  Could not instantiate TestExecutionListener [org.springframework.test.context.web.ServletTestExecutionListener]. Specify custom listener classes or make the default listener classes (and their required dependencies) available. Offending class: [javax/servlet/ServletContext]
2017-12-03 11:48:41  [ main:35 ] - [ INFO ]  Using TestExecutionListeners: [org.springframework.test.context.support.DirtiesContextBeforeModesTestExecutionListener@120ebad, org.springframework.test.context.support.DependencyInjectionTestExecutionListener@19f379, org.springframework.test.context.support.DirtiesContextTestExecutionListener@1c7cbad, org.springframework.test.context.transaction.TransactionalTestExecutionListener@12cc05a, org.springframework.test.context.jdbc.SqlScriptsTestExecutionListener@1933fd1]
2017-12-03 11:48:41  [ main:174 ] - [ INFO ]  Loading XML bean definitions from class path resource [spring-dao.xml]
2017-12-03 11:48:42  [ main:442 ] - [ INFO ]  Loading XML bean definitions from class path resource [spring-service.xml]
2017-12-03 11:48:42  [ main:649 ] - [ INFO ]  Refreshing org.springframework.context.support.GenericApplicationContext@fd02e5: startup date [Sun Dec 03 11:48:42 GMT+08:00 2017]; root of context hierarchy
2017-12-03 11:48:44  [ Thread-0:2996 ] - [ INFO ]  Closing org.springframework.context.support.GenericApplicationContext@fd02e5: startup date [Sun Dec 03 11:48:42 GMT+08:00 2017]; root of context hierarchy
